<?xml version="1.0" encoding="UTF-8"?>
<!-- Generated by org.testng.reporters.JUnitReportReporter -->
<testsuite skipped="0" hostname="WKSP000A756E" name="com.wheelsup.qa.Testing" tests="1" failures="0" timestamp="20 Sep 2019 20:17:14 GMT" time="23.600" errors="0">
  <testcase name="newTest" time="23.600" classname="com.wheelsup.qa.Testing"/>
</testsuite> <!-- com.wheelsup.qa.Testing -->
