<?xml version="1.0" encoding="UTF-8"?>
<!-- Generated by org.testng.reporters.JUnitReportReporter -->
<testsuite skipped="0" hostname="WKSP000A756E" name="com.wheelsup.qa.WheelsUpTest" tests="1" failures="0" timestamp="23 Sep 2019 21:01:16 GMT" time="50.620" errors="0">
  <testcase name="WheelsUP_Automation_Coding_Challenge" time="50.620" classname="com.wheelsup.qa.WheelsUpTest"/>
</testsuite> <!-- com.wheelsup.qa.WheelsUpTest -->
